[2024-07-17T00:46:42.090+0000] {local_task_job_runner.py:120} INFO - ::group::Pre task execution logs
[2024-07-17T00:46:42.117+0000] {taskinstance.py:2076} INFO - Dependencies all met for dep_context=non-requeueable deps ti=<TaskInstance: etl_ticker.etl_usd_mxn scheduled__2024-07-14T15:50:00+00:00 [queued]>
[2024-07-17T00:46:42.129+0000] {taskinstance.py:2076} INFO - Dependencies all met for dep_context=requeueable deps ti=<TaskInstance: etl_ticker.etl_usd_mxn scheduled__2024-07-14T15:50:00+00:00 [queued]>
[2024-07-17T00:46:42.131+0000] {taskinstance.py:2306} INFO - Starting attempt 2 of 2
[2024-07-17T00:46:42.144+0000] {taskinstance.py:2330} INFO - Executing <Task(PythonOperator): etl_usd_mxn> on 2024-07-14 15:50:00+00:00
[2024-07-17T00:46:42.153+0000] {logging_mixin.py:188} WARNING - /home/***/.local/lib/python3.12/site-packages/***/task/task_runner/standard_task_runner.py:61 DeprecationWarning: This process (pid=28008) is multi-threaded, use of fork() may lead to deadlocks in the child.
[2024-07-17T00:46:42.156+0000] {standard_task_runner.py:63} INFO - Started process 28021 to run task
[2024-07-17T00:46:42.153+0000] {standard_task_runner.py:90} INFO - Running: ['***', 'tasks', 'run', 'etl_ticker', 'etl_usd_mxn', 'scheduled__2024-07-14T15:50:00+00:00', '--job-id', '332', '--raw', '--subdir', 'DAGS_FOLDER/bid_ask_dag.py', '--cfg-path', '/tmp/tmpfcd1lbqh']
[2024-07-17T00:46:42.160+0000] {standard_task_runner.py:91} INFO - Job 332: Subtask etl_usd_mxn
[2024-07-17T00:46:42.239+0000] {task_command.py:426} INFO - Running <TaskInstance: etl_ticker.etl_usd_mxn scheduled__2024-07-14T15:50:00+00:00 [running]> on host 6f712de23803
[2024-07-17T00:46:42.324+0000] {taskinstance.py:2648} INFO - Exporting env vars: AIRFLOW_CTX_DAG_OWNER='***' AIRFLOW_CTX_DAG_ID='etl_ticker' AIRFLOW_CTX_TASK_ID='etl_usd_mxn' AIRFLOW_CTX_EXECUTION_DATE='2024-07-14T15:50:00+00:00' AIRFLOW_CTX_TRY_NUMBER='2' AIRFLOW_CTX_DAG_RUN_ID='scheduled__2024-07-14T15:50:00+00:00'
[2024-07-17T00:46:42.325+0000] {taskinstance.py:430} INFO - ::endgroup::
[2024-07-17T00:46:42.343+0000] {logging_mixin.py:188} WARNING -   0%|          | 0/600 [00:00<?, ?it/s]
[2024-07-17T00:46:43.484+0000] {bid_ask_dag.py:70} INFO - Threshold! {'orderbook_timestamp': '2024-07-17T00:46:42+00:00', 'book': 'usd_mxn', 'bid': 17.63, 'ask': 17.65, 'spread': 0.11331444759206558}
[2024-07-17T00:46:43.485+0000] {logging_mixin.py:188} WARNING -   0%|          | 0/600 [00:01<?, ?it/s]
[2024-07-17T00:46:43.485+0000] {taskinstance.py:441} INFO - ::group::Post task execution logs
[2024-07-17T00:46:43.486+0000] {taskinstance.py:2905} ERROR - Task failed with exception
Traceback (most recent call last):
  File "/home/airflow/.local/lib/python3.12/site-packages/airflow/models/taskinstance.py", line 465, in _execute_task
    result = _execute_callable(context=context, **execute_callable_kwargs)
             ^^^^^^^^^^^^^^^^^^^^^^^^^^^^^^^^^^^^^^^^^^^^^^^^^^^^^^^^^^^^^
  File "/home/airflow/.local/lib/python3.12/site-packages/airflow/models/taskinstance.py", line 432, in _execute_callable
    return execute_callable(context=context, **execute_callable_kwargs)
           ^^^^^^^^^^^^^^^^^^^^^^^^^^^^^^^^^^^^^^^^^^^^^^^^^^^^^^^^^^^^
  File "/home/airflow/.local/lib/python3.12/site-packages/airflow/models/baseoperator.py", line 401, in wrapper
    return func(self, *args, **kwargs)
           ^^^^^^^^^^^^^^^^^^^^^^^^^^^
  File "/home/airflow/.local/lib/python3.12/site-packages/airflow/operators/python.py", line 235, in execute
    return_value = self.execute_callable()
                   ^^^^^^^^^^^^^^^^^^^^^^^
  File "/home/airflow/.local/lib/python3.12/site-packages/airflow/operators/python.py", line 252, in execute_callable
    return self.python_callable(*self.op_args, **self.op_kwargs)
           ^^^^^^^^^^^^^^^^^^^^^^^^^^^^^^^^^^^^^^^^^^^^^^^^^^^^^
  File "/opt/airflow/dags/bid_ask_dag.py", line 71, in etl_spread
    SlackWebhookHook(
    ^^^^^^^^^^^^^^^^
NameError: name 'SlackWebhookHook' is not defined
[2024-07-17T00:46:43.500+0000] {taskinstance.py:1206} INFO - Marking task as FAILED. dag_id=etl_ticker, task_id=etl_usd_mxn, run_id=scheduled__2024-07-14T15:50:00+00:00, execution_date=20240714T155000, start_date=20240717T004642, end_date=20240717T004643
[2024-07-17T00:46:43.512+0000] {standard_task_runner.py:110} ERROR - Failed to execute job 332 for task etl_usd_mxn (name 'SlackWebhookHook' is not defined; 28021)
[2024-07-17T00:46:43.521+0000] {local_task_job_runner.py:240} INFO - Task exited with return code 1
[2024-07-17T00:46:43.535+0000] {taskinstance.py:3503} INFO - 0 downstream tasks scheduled from follow-on schedule check
[2024-07-17T00:46:43.536+0000] {local_task_job_runner.py:222} INFO - ::endgroup::
