[2024-07-15T06:32:25.797+0000] {local_task_job_runner.py:120} INFO - ::group::Pre task execution logs
[2024-07-15T06:32:25.836+0000] {taskinstance.py:2076} INFO - Dependencies all met for dep_context=non-requeueable deps ti=<TaskInstance: save_spread_values.save_and_flush_task scheduled__2024-07-14T02:50:00+00:00 [queued]>
[2024-07-15T06:32:25.847+0000] {taskinstance.py:2076} INFO - Dependencies all met for dep_context=requeueable deps ti=<TaskInstance: save_spread_values.save_and_flush_task scheduled__2024-07-14T02:50:00+00:00 [queued]>
[2024-07-15T06:32:25.850+0000] {taskinstance.py:2306} INFO - Starting attempt 2 of 2
[2024-07-15T06:32:25.861+0000] {taskinstance.py:2330} INFO - Executing <Task(PythonOperator): save_and_flush_task> on 2024-07-14 02:50:00+00:00
[2024-07-15T06:32:25.869+0000] {logging_mixin.py:188} WARNING - /home/***/.local/lib/python3.12/site-packages/***/task/task_runner/standard_task_runner.py:61 DeprecationWarning: This process (pid=2851) is multi-threaded, use of fork() may lead to deadlocks in the child.
[2024-07-15T06:32:25.876+0000] {standard_task_runner.py:90} INFO - Running: ['***', 'tasks', 'run', 'save_spread_values', 'save_and_flush_task', 'scheduled__2024-07-14T02:50:00+00:00', '--job-id', '158', '--raw', '--subdir', 'DAGS_FOLDER/et_dag.py', '--cfg-path', '/tmp/tmp69ru0qzm']
[2024-07-15T06:32:25.877+0000] {standard_task_runner.py:63} INFO - Started process 2861 to run task
[2024-07-15T06:32:25.878+0000] {standard_task_runner.py:91} INFO - Job 158: Subtask save_and_flush_task
[2024-07-15T06:32:26.006+0000] {task_command.py:426} INFO - Running <TaskInstance: save_spread_values.save_and_flush_task scheduled__2024-07-14T02:50:00+00:00 [running]> on host 52e7a9c3d832
[2024-07-15T06:32:26.143+0000] {taskinstance.py:2648} INFO - Exporting env vars: AIRFLOW_CTX_DAG_OWNER='***' AIRFLOW_CTX_DAG_ID='save_spread_values' AIRFLOW_CTX_TASK_ID='save_and_flush_task' AIRFLOW_CTX_EXECUTION_DATE='2024-07-14T02:50:00+00:00' AIRFLOW_CTX_TRY_NUMBER='2' AIRFLOW_CTX_DAG_RUN_ID='scheduled__2024-07-14T02:50:00+00:00'
[2024-07-15T06:32:26.145+0000] {taskinstance.py:430} INFO - ::endgroup::
[2024-07-15T06:32:26.163+0000] {taskinstance.py:441} INFO - ::group::Post task execution logs
[2024-07-15T06:32:26.167+0000] {taskinstance.py:2905} ERROR - Task failed with exception
Traceback (most recent call last):
  File "/home/airflow/.local/lib/python3.12/site-packages/airflow/models/taskinstance.py", line 465, in _execute_task
    result = _execute_callable(context=context, **execute_callable_kwargs)
             ^^^^^^^^^^^^^^^^^^^^^^^^^^^^^^^^^^^^^^^^^^^^^^^^^^^^^^^^^^^^^
  File "/home/airflow/.local/lib/python3.12/site-packages/airflow/models/taskinstance.py", line 432, in _execute_callable
    return execute_callable(context=context, **execute_callable_kwargs)
           ^^^^^^^^^^^^^^^^^^^^^^^^^^^^^^^^^^^^^^^^^^^^^^^^^^^^^^^^^^^^
  File "/home/airflow/.local/lib/python3.12/site-packages/airflow/models/baseoperator.py", line 401, in wrapper
    return func(self, *args, **kwargs)
           ^^^^^^^^^^^^^^^^^^^^^^^^^^^
  File "/home/airflow/.local/lib/python3.12/site-packages/airflow/operators/python.py", line 235, in execute
    return_value = self.execute_callable()
                   ^^^^^^^^^^^^^^^^^^^^^^^
  File "/home/airflow/.local/lib/python3.12/site-packages/airflow/operators/python.py", line 252, in execute_callable
    return self.python_callable(*self.op_args, **self.op_kwargs)
           ^^^^^^^^^^^^^^^^^^^^^^^^^^^^^^^^^^^^^^^^^^^^^^^^^^^^^
  File "/opt/airflow/dags/et_dag.py", line 38, in trigger_save_and_flush
    logging('Invoking method to save data from records')
TypeError: 'module' object is not callable
[2024-07-15T06:32:26.192+0000] {taskinstance.py:1206} INFO - Marking task as FAILED. dag_id=save_spread_values, task_id=save_and_flush_task, run_id=scheduled__2024-07-14T02:50:00+00:00, execution_date=20240714T025000, start_date=20240715T063225, end_date=20240715T063226
[2024-07-15T06:32:26.212+0000] {standard_task_runner.py:110} ERROR - Failed to execute job 158 for task save_and_flush_task ('module' object is not callable; 2861)
[2024-07-15T06:32:26.269+0000] {local_task_job_runner.py:240} INFO - Task exited with return code 1
[2024-07-15T06:32:26.287+0000] {local_task_job_runner.py:222} INFO - ::endgroup::
